<?xml version="1.0" encoding="UTF-8"?>
<testng-results total="1" passed="1" failed="0" skipped="0">
  <reporter-output>
  </reporter-output>
  <suite started-at="2024-12-21T03:06:02Z" name="Surefire suite" finished-at="2024-12-21T03:06:45Z" duration-ms="42179">
    <groups>
    </groups>
    <test started-at="2024-12-21T03:06:02Z" name="Surefire test" finished-at="2024-12-21T03:06:45Z" duration-ms="42179">
      <class name="test.com.CateringTest">
        <test-method is-config="true" signature="setUpClass()[pri:0, instance:test.com.CateringTest@6a396c1e]" started-at="2024-12-20T19:06:02Z" name="setUpClass" finished-at="2024-12-20T19:06:02Z" duration-ms="13" status="PASS">
          <reporter-output>
          </reporter-output>
        </test-method> <!-- setUpClass -->
        <test-method is-config="true" signature="setUpMethod()[pri:0, instance:test.com.CateringTest@6a396c1e]" started-at="2024-12-20T19:06:02Z" name="setUpMethod" finished-at="2024-12-20T19:06:05Z" duration-ms="2565" status="PASS">
          <reporter-output>
          </reporter-output>
        </test-method> <!-- setUpMethod -->
        <test-method signature="testPaneraCateringTestCase()[pri:0, instance:test.com.CateringTest@6a396c1e]" started-at="2024-12-20T19:06:05Z" name="testPaneraCateringTestCase" finished-at="2024-12-20T19:06:44Z" duration-ms="39351" status="PASS">
          <reporter-output>
          </reporter-output>
        </test-method> <!-- testPaneraCateringTestCase -->
        <test-method is-config="true" signature="tearDownMethod()[pri:0, instance:test.com.CateringTest@6a396c1e]" started-at="2024-12-20T19:06:44Z" name="tearDownMethod" finished-at="2024-12-20T19:06:45Z" duration-ms="236" status="PASS">
          <reporter-output>
          </reporter-output>
        </test-method> <!-- tearDownMethod -->
        <test-method is-config="true" signature="tearDownClass()[pri:0, instance:test.com.CateringTest@6a396c1e]" started-at="2024-12-20T19:06:45Z" name="tearDownClass" finished-at="2024-12-20T19:06:45Z" duration-ms="0" status="PASS">
          <reporter-output>
          </reporter-output>
        </test-method> <!-- tearDownClass -->
      </class> <!-- test.com.CateringTest -->
    </test> <!-- Surefire test -->
  </suite> <!-- Surefire suite -->
</testng-results>
